<?xml version="1.0" encoding="UTF-8"?>
<!-- Generated by org.testng.reporters.JUnitXMLReporter -->
<testsuite ignored="2" hostname="DESKTOP-9E1GL0F" failures="0" tests="0" time="0.015" errors="0" timestamp="2026-06-09T01:16:26 IST">
  <testcase classname="eventHub.tests.StandAlone" name="eventConfirmation" time="0.0">
    <ignored/>
  </testcase> <!-- eventConfirmation -->
  <testcase classname="eventHub.tests.StandAlone" name="SubmitEvent" time="0.0">
    <ignored/>
  </testcase> <!-- SubmitEvent -->
</testsuite>
