<?xml version="1.0" encoding="UTF-8"?>
<testsuite xmlns:xsi="http://www.w3.org/2001/XMLSchema-instance" xsi:noNamespaceSchemaLocation="https://maven.apache.org/surefire/maven-surefire-plugin/xsd/surefire-test-report.xsd" version="3.0.2" name="cucumber.TestNGTestRunner" time="42.27" tests="2" errors="0" skipped="0" failures="0">
  <properties>
[...]
</properties>
  <testcase name="runScenario[&quot;Log In Error Validation&quot;, &quot;Error Validation&quot;](1)" classname="cucumber.TestNGTestRunner" time="25.921">
    <system-out><![CDATA[
@ErrorValidation @LogInErrorValidation
Scenario Outline: Log In Error Validation                        # src/test/java/cucumber/ErrorValidation.feature:16
  ✔ Given I have landed on the Event Page                        # cucumber.StepDefinition.I_have_landed_on_the_Event_Page()
  ✔ Given Logged in with arijit567dwq@gmail.com and 3253253op    # cucumber.StepDefinition.Logged_in_with_email_and_password(java.lang.String,java.lang.String)
  ✔ Then the error message "Invalid email or password" is thrown # cucumber.StepDefinition.the_error_message_is_thrown(java.lang.String)
]]></system-out>
    <system-err><![CDATA[SLF4J(W): No SLF4J providers were found.
SLF4J(W): Defaulting to no-operation (NOP) logger implementation
SLF4J(W): See https://www.slf4j.org/codes.html#noProviders for further details.
Jun 13, 2026 11:32:45 AM org.openqa.selenium.devtools.CdpVersionFinder findNearestMatch
WARNING: Unable to find CDP implementation matching 149
Jun 13, 2026 11:32:45 AM org.openqa.selenium.chromium.ChromiumDriver lambda$new$4
WARNING: Unable to find version of CDP to use for 149.0.7827.103. You may need to include a dependency on a specific version of the CDP using something similar to `org.seleniumhq.selenium:selenium-devtools-v86:4.39.0` where the version ("v86") matches the version of the chromium-based browser you're using and the version number of the artifact is the same as Selenium's.
]]></system-err>
  </testcase>
  <testcase name="runScenario[&quot;Error Validation for Input Field of Event&quot;, &quot;Error Validation&quot;](2)" classname="cucumber.TestNGTestRunner" time="12.488">
    <system-out><![CDATA[
@ErrorValidation @InputFieldErrorValidation
Scenario Outline: Error Validation for Input Field of Event                                                             # src/test/java/cucumber/ErrorValidation.feature:27
  ✔ Given I have landed on the Event Page                                                                               # cucumber.StepDefinition.I_have_landed_on_the_Event_Page()
  ✔ Given Logged in with arijit.sinha@gmail.com and Asdf@1234                                                           # cucumber.StepDefinition.Logged_in_with_email_and_password(java.lang.String,java.lang.String)
  ✔ When I click on any Dilli Diwali Mela from event page                                                               # cucumber.StepDefinition.I_click_on_any_event_from_event_page(java.lang.String)
  ✔ And click the booking button without giving inputs                                                                  # cucumber.StepDefinition.click_the_booking_button_without_giving_inputs()
  ✔ Then I will get error messages "Name must be at least 2 chars" "Enter a valid email" "Enter a valid 10-digit phone" # cucumber.StepDefinition.get_error_messages(java.lang.String,java.lang.String,java.lang.String)
]]></system-out>
    <system-err><![CDATA[Jun 13, 2026 11:32:51 AM org.openqa.selenium.devtools.CdpVersionFinder findNearestMatch
WARNING: Unable to find CDP implementation matching 149
Jun 13, 2026 11:32:51 AM org.openqa.selenium.chromium.ChromiumDriver lambda$new$4
WARNING: Unable to find version of CDP to use for 149.0.7827.103. You may need to include a dependency on a specific version of the CDP using something similar to `org.seleniumhq.selenium:selenium-devtools-v86:4.39.0` where the version ("v86") matches the version of the chromium-based browser you're using and the version number of the artifact is the same as Selenium's.
]]></system-err>
  </testcase>
</testsuite>