<?xml version="1.0" encoding="UTF-8"?>
<testng-results ignored="0" total="2" passed="2" failed="0" skipped="0">
  <reporter-output>
  </reporter-output>
  <suite started-at="2026-06-12T01:29:30 IST" name="Suite" finished-at="2026-06-12T01:30:15 IST" duration-ms="45286">
    <groups>
      <group name="cucumber">
        <method signature="AbstractTestNGCucumberTests.runScenario(io.cucumber.testng.PickleWrapper,io.cucumber.testng.FeatureWrapper)[pri:0, instance:cucumber.TestNGTestRunner@41a2befb]" name="runScenario" class="io.cucumber.testng.AbstractTestNGCucumberTests"/>
        <method signature="AbstractTestNGCucumberTests.runScenario(io.cucumber.testng.PickleWrapper,io.cucumber.testng.FeatureWrapper)[pri:0, instance:cucumber.FailedRunner@424e1977]" name="runScenario" class="io.cucumber.testng.AbstractTestNGCucumberTests"/>
      </group> <!-- cucumber -->
    </groups>
    <test started-at="2026-06-12T01:29:30 IST" name="Regression" finished-at="2026-06-12T01:30:15 IST" duration-ms="44834">
      <class name="cucumber.TestNGTestRunner">
        <test-method is-config="true" signature="setUpClass(org.testng.ITestContext)[pri:0, instance:cucumber.TestNGTestRunner@41a2befb]" started-at="2026-06-12T01:29:30 IST" name="setUpClass" finished-at="2026-06-12T01:29:32 IST" duration-ms="2235" status="PASS">
          <params>
            <param index="0">
              <value>
                <![CDATA[org.testng.TestRunner@1af2d44a]]>
              </value>
            </param>
          </params>
          <reporter-output>
          </reporter-output>
        </test-method> <!-- setUpClass -->
        <test-method signature="runScenario(io.cucumber.testng.PickleWrapper,io.cucumber.testng.FeatureWrapper)[pri:0, instance:cucumber.TestNGTestRunner@41a2befb]" started-at="2026-06-12T01:29:32 IST" name="runScenario" description="Runs Cucumber Scenarios" data-provider="scenarios" finished-at="2026-06-12T01:29:52 IST" duration-ms="19297" status="PASS">
          <params>
            <param index="0">
              <value>
                <![CDATA["Log In Error Validation"]]>
              </value>
            </param>
            <param index="1">
              <value>
                <![CDATA["Error Validation"]]>
              </value>
            </param>
          </params>
          <reporter-output>
          </reporter-output>
        </test-method> <!-- runScenario -->
        <test-method signature="runScenario(io.cucumber.testng.PickleWrapper,io.cucumber.testng.FeatureWrapper)[pri:0, instance:cucumber.TestNGTestRunner@41a2befb]" started-at="2026-06-12T01:29:52 IST" name="runScenario" description="Runs Cucumber Scenarios" data-provider="scenarios" finished-at="2026-06-12T01:30:15 IST" duration-ms="22869" status="PASS">
          <params>
            <param index="0">
              <value>
                <![CDATA["Error Validation for Input Field of Event"]]>
              </value>
            </param>
            <param index="1">
              <value>
                <![CDATA["Error Validation"]]>
              </value>
            </param>
          </params>
          <reporter-output>
          </reporter-output>
        </test-method> <!-- runScenario -->
        <test-method is-config="true" signature="tearDownClass()[pri:0, instance:cucumber.TestNGTestRunner@41a2befb]" started-at="2026-06-12T01:30:15 IST" name="tearDownClass" finished-at="2026-06-12T01:30:15 IST" duration-ms="242" status="PASS">
          <reporter-output>
          </reporter-output>
        </test-method> <!-- tearDownClass -->
      </class> <!-- cucumber.TestNGTestRunner -->
    </test> <!-- Regression -->
    <test started-at="2026-06-12T01:30:15 IST" name="ErrorValidation" finished-at="2026-06-12T01:30:15 IST" duration-ms="108">
      <class name="cucumber.FailedRunner">
        <test-method is-config="true" signature="setUpClass(org.testng.ITestContext)[pri:0, instance:cucumber.FailedRunner@424e1977]" started-at="2026-06-12T01:30:15 IST" name="setUpClass" finished-at="2026-06-12T01:30:15 IST" duration-ms="76" status="PASS">
          <params>
            <param index="0">
              <value>
                <![CDATA[org.testng.TestRunner@18d87d80]]>
              </value>
            </param>
          </params>
          <reporter-output>
          </reporter-output>
        </test-method> <!-- setUpClass -->
        <test-method is-config="true" signature="tearDownClass()[pri:0, instance:cucumber.FailedRunner@424e1977]" started-at="2026-06-12T01:30:15 IST" name="tearDownClass" finished-at="2026-06-12T01:30:15 IST" duration-ms="26" status="PASS">
          <reporter-output>
          </reporter-output>
        </test-method> <!-- tearDownClass -->
      </class> <!-- cucumber.FailedRunner -->
    </test> <!-- ErrorValidation -->
  </suite> <!-- Suite -->
</testng-results>
