<?xml version="1.0" encoding="UTF-8"?>
<!-- Generated by org.testng.reporters.JUnitReportReporter -->
<testsuite hostname="DESKTOP-9E1GL0F" failures="0" tests="4" name="eventHub.tests.StandAlone" time="49.485" errors="0" timestamp="2026-06-07T21:27:39 IST" skipped="0">
  <testcase classname="eventHub.tests.StandAlone" name="SubmitEvent" time="10.011"/>
  <testcase classname="eventHub.tests.StandAlone" name="eventConfirmation" time="14.557"/>
  <testcase classname="eventHub.tests.StandAlone" name="SubmitEvent" time="10.822"/>
  <testcase classname="eventHub.tests.StandAlone" name="eventConfirmation" time="14.095"/>
</testsuite> <!-- eventHub.tests.StandAlone -->
