<?xml version="1.0" encoding="UTF-8"?>
<!-- Generated by org.testng.reporters.JUnitReportReporter -->
<testsuite hostname="DESKTOP-9E1GL0F" failures="0" tests="2" name="eventHub.tests.ErrorValidation" time="26.751" errors="0" timestamp="2026-06-09T01:16:40 IST" skipped="0">
  <testcase classname="eventHub.tests.ErrorValidation" name="loginError" time="12.297"/>
  <testcase classname="eventHub.tests.ErrorValidation" name="errorMessages" time="14.454"/>
</testsuite> <!-- eventHub.tests.ErrorValidation -->
