<?xml version="1.0" encoding="UTF-8"?>
<!-- Generated by org.testng.reporters.JUnitReportReporter -->
<testsuite hostname="DESKTOP-9E1GL0F" failures="0" tests="4" name="eventHub.tests.StandAlone" time="34.491" errors="0" timestamp="2026-06-09T01:14:52 IST" skipped="0">
  <testcase classname="eventHub.tests.StandAlone" name="eventConfirmation" time="6.927"/>
  <testcase classname="eventHub.tests.StandAlone" name="eventConfirmation" time="11.067"/>
  <testcase classname="eventHub.tests.StandAlone" name="SubmitEvent" time="6.732"/>
  <testcase classname="eventHub.tests.StandAlone" name="SubmitEvent" time="9.765"/>
</testsuite> <!-- eventHub.tests.StandAlone -->
